{
  "0 debug pnpm:scope": {
    "selected": 1,
    "workspacePrefix": "/Users/bytedance/Documents/monorepo-eric"
  },
  "1 info pnpm": {
    "err": {
      "name": "Error",
      "message": "Command failed with ENOENT: instlal\nspawn instlal ENOENT",
      "code": "ENOENT",
      "stack": "Error: Command failed with ENOENT: instlal\nspawn instlal ENOENT\n    at Process.ChildProcess._handle.onexit (internal/child_process.js:269:19)\n    at onErrorNT (internal/child_process.js:467:16)\n    at processTicksAndRejections (internal/process/task_queues.js:82:21)"
    }
  },
  "2 error pnpm": {
    "errno": -2,
    "code": "ERR_PNPM_RECURSIVE_EXEC_FIRST_FAIL",
    "syscall": "spawn instlal",
    "path": "instlal",
    "spawnargs": [],
    "originalMessage": "spawn instlal ENOENT",
    "shortMessage": "Command failed with ENOENT: instlal\nspawn instlal ENOENT",
    "command": "instlal",
    "escapedCommand": "instlal",
    "failed": true,
    "timedOut": false,
    "isCanceled": false,
    "killed": false,
    "prefix": "/Users/bytedance/Documents/monorepo-eric",
    "err": {
      "name": "Error",
      "message": "Command failed with ENOENT: instlal\nspawn instlal ENOENT",
      "code": "ERR_PNPM_RECURSIVE_EXEC_FIRST_FAIL",
      "stack": "Error: Command failed with ENOENT: instlal\nspawn instlal ENOENT\n    at Process.ChildProcess._handle.onexit (internal/child_process.js:269:19)\n    at onErrorNT (internal/child_process.js:467:16)\n    at processTicksAndRejections (internal/process/task_queues.js:82:21)"
    }
  }
}